-------------------------------------------------------------------------------
Test set: org.codehaus.modello.plugins.xml.XmlModelloPluginTest
-------------------------------------------------------------------------------
Tests run: 2, Failures: 0, Errors: 2, Skipped: 0, Time elapsed: 0.074 sec <<< FAILURE!
testConfiguration(org.codehaus.modello.plugins.xml.XmlModelloPluginTest)  Time elapsed: 0.038 sec  <<< ERROR!
java.lang.NoSuchMethodError: org.codehaus.classworlds.ClassWorld.getRealm(Ljava/lang/String;)Lorg/codehaus/classworlds/realm/ClassRealm;
	at org.codehaus.plexus.DefaultPlexusContainer.<init>(DefaultPlexusContainer.java:210)
	at org.codehaus.plexus.DefaultPlexusContainer.<init>(DefaultPlexusContainer.java:185)
	at org.codehaus.plexus.PlexusTestCase.createContainerInstance(PlexusTestCase.java:119)
	at org.codehaus.plexus.PlexusTestCase.setUp(PlexusTestCase.java:112)
	at junit.framework.TestCase.runBare(TestCase.java:125)
	at junit.framework.TestResult$1.protect(TestResult.java:106)
	at junit.framework.TestResult.runProtected(TestResult.java:124)
	at junit.framework.TestResult.run(TestResult.java:109)
	at junit.framework.TestCase.run(TestCase.java:118)
	at junit.framework.TestSuite.runTest(TestSuite.java:208)
	at junit.framework.TestSuite.run(TestSuite.java:203)
	at sun.reflect.NativeMethodAccessorImpl.invoke0(Native Method)
	at sun.reflect.NativeMethodAccessorImpl.invoke(NativeMethodAccessorImpl.java:39)
	at sun.reflect.DelegatingMethodAccessorImpl.invoke(DelegatingMethodAccessorImpl.java:25)
	at java.lang.reflect.Method.invoke(Method.java:324)
	at org.apache.maven.surefire.junit.JUnitTestSet.execute(JUnitTestSet.java:210)
	at org.apache.maven.surefire.suite.AbstractDirectoryTestSuite.executeTestSet(AbstractDirectoryTestSuite.java:135)
	at org.apache.maven.surefire.suite.AbstractDirectoryTestSuite.execute(AbstractDirectoryTestSuite.java:122)
	at org.apache.maven.surefire.Surefire.run(Surefire.java:129)
	at sun.reflect.NativeMethodAccessorImpl.invoke0(Native Method)
	at sun.reflect.NativeMethodAccessorImpl.invoke(NativeMethodAccessorImpl.java:39)
	at sun.reflect.DelegatingMethodAccessorImpl.invoke(DelegatingMethodAccessorImpl.java:25)
	at java.lang.reflect.Method.invoke(Method.java:324)
	at org.apache.maven.surefire.booter.SurefireBooter.runSuitesInProcess(SurefireBooter.java:225)
	at org.apache.maven.surefire.booter.SurefireBooter.main(SurefireBooter.java:747)

testXmlPlugin(org.codehaus.modello.plugins.xml.XmlModelloPluginTest)  Time elapsed: 0.002 sec  <<< ERROR!
java.lang.NoSuchMethodError: org.codehaus.classworlds.ClassWorld.getRealm(Ljava/lang/String;)Lorg/codehaus/classworlds/realm/ClassRealm;
	at org.codehaus.plexus.DefaultPlexusContainer.<init>(DefaultPlexusContainer.java:210)
	at org.codehaus.plexus.DefaultPlexusContainer.<init>(DefaultPlexusContainer.java:185)
	at org.codehaus.plexus.PlexusTestCase.createContainerInstance(PlexusTestCase.java:119)
	at org.codehaus.plexus.PlexusTestCase.setUp(PlexusTestCase.java:112)
	at junit.framework.TestCase.runBare(TestCase.java:125)
	at junit.framework.TestResult$1.protect(TestResult.java:106)
	at junit.framework.TestResult.runProtected(TestResult.java:124)
	at junit.framework.TestResult.run(TestResult.java:109)
	at junit.framework.TestCase.run(TestCase.java:118)
	at junit.framework.TestSuite.runTest(TestSuite.java:208)
	at junit.framework.TestSuite.run(TestSuite.java:203)
	at sun.reflect.NativeMethodAccessorImpl.invoke0(Native Method)
	at sun.reflect.NativeMethodAccessorImpl.invoke(NativeMethodAccessorImpl.java:39)
	at sun.reflect.DelegatingMethodAccessorImpl.invoke(DelegatingMethodAccessorImpl.java:25)
	at java.lang.reflect.Method.invoke(Method.java:324)
	at org.apache.maven.surefire.junit.JUnitTestSet.execute(JUnitTestSet.java:210)
	at org.apache.maven.surefire.suite.AbstractDirectoryTestSuite.executeTestSet(AbstractDirectoryTestSuite.java:135)
	at org.apache.maven.surefire.suite.AbstractDirectoryTestSuite.execute(AbstractDirectoryTestSuite.java:122)
	at org.apache.maven.surefire.Surefire.run(Surefire.java:129)
	at sun.reflect.NativeMethodAccessorImpl.invoke0(Native Method)
	at sun.reflect.NativeMethodAccessorImpl.invoke(NativeMethodAccessorImpl.java:39)
	at sun.reflect.DelegatingMethodAccessorImpl.invoke(DelegatingMethodAccessorImpl.java:25)
	at java.lang.reflect.Method.invoke(Method.java:324)
	at org.apache.maven.surefire.booter.SurefireBooter.runSuitesInProcess(SurefireBooter.java:225)
	at org.apache.maven.surefire.booter.SurefireBooter.main(SurefireBooter.java:747)

