<?xml version="1.0" encoding="UTF-8" ?>
<testsuite errors="1" skipped="0" tests="1" time="0.583" failures="0" name="org.codehaus.modello.plugin.store.StoreModelloGeneratorTest">
  <properties>
[...]
</properties>
  <testcase time="0.561" name="store">
    <error type="org.codehaus.modello.ModelloException" message="Error while generating code.">org.codehaus.modello.ModelloException: Error while generating code.
	at org.codehaus.modello.plugin.store.StoreModelloGenerator.writeTemplate(StoreModelloGenerator.java:117)
	at org.codehaus.modello.plugin.store.StoreModelloGenerator.generate(StoreModelloGenerator.java:93)
	at org.codehaus.modello.core.DefaultModelloCore.generate(DefaultModelloCore.java:277)
	at org.codehaus.modello.plugin.store.StoreModelloGeneratorTest.testSimpleInvocation(StoreModelloGeneratorTest.java:60)
	at sun.reflect.NativeMethodAccessorImpl.invoke0(Native Method)
	at sun.reflect.NativeMethodAccessorImpl.invoke(NativeMethodAccessorImpl.java:39)
	at sun.reflect.DelegatingMethodAccessorImpl.invoke(DelegatingMethodAccessorImpl.java:25)
	at java.lang.reflect.Method.invoke(Method.java:324)
	at junit.framework.TestCase.runTest(TestCase.java:154)
	at junit.framework.TestCase.runBare(TestCase.java:127)
	at junit.framework.TestResult$1.protect(TestResult.java:106)
	at junit.framework.TestResult.runProtected(TestResult.java:124)
	at junit.framework.TestResult.run(TestResult.java:109)
	at junit.framework.TestCase.run(TestCase.java:118)
	at junit.framework.TestSuite.runTest(TestSuite.java:208)
	at junit.framework.TestSuite.run(TestSuite.java:203)
	at sun.reflect.NativeMethodAccessorImpl.invoke0(Native Method)
	at sun.reflect.NativeMethodAccessorImpl.invoke(NativeMethodAccessorImpl.java:39)
	at sun.reflect.DelegatingMethodAccessorImpl.invoke(DelegatingMethodAccessorImpl.java:25)
	at java.lang.reflect.Method.invoke(Method.java:324)
	at org.apache.maven.surefire.junit.JUnitTestSet.execute(JUnitTestSet.java:210)
	at org.apache.maven.surefire.suite.AbstractDirectoryTestSuite.executeTestSet(AbstractDirectoryTestSuite.java:135)
	at org.apache.maven.surefire.suite.AbstractDirectoryTestSuite.execute(AbstractDirectoryTestSuite.java:122)
	at org.apache.maven.surefire.Surefire.run(Surefire.java:129)
	at sun.reflect.NativeMethodAccessorImpl.invoke0(Native Method)
	at sun.reflect.NativeMethodAccessorImpl.invoke(NativeMethodAccessorImpl.java:39)
	at sun.reflect.DelegatingMethodAccessorImpl.invoke(DelegatingMethodAccessorImpl.java:25)
	at java.lang.reflect.Method.invoke(Method.java:324)
	at org.apache.maven.surefire.booter.SurefireBooter.runSuitesInProcess(SurefireBooter.java:225)
	at org.apache.maven.surefire.booter.SurefireBooter.main(SurefireBooter.java:747)
Caused by: org.apache.velocity.exception.ResourceNotFoundException: Unable to find resource &apos;/org/codehaus/modello/plugin/store/templates/Store.vm&apos;
	at org.apache.velocity.runtime.resource.ResourceManagerImpl.loadResource(ResourceManagerImpl.java:458)
	at org.apache.velocity.runtime.resource.ResourceManagerImpl.getResource(ResourceManagerImpl.java:341)
	at org.apache.velocity.runtime.RuntimeInstance.getTemplate(RuntimeInstance.java:831)
	at org.apache.velocity.app.VelocityEngine.mergeTemplate(VelocityEngine.java:440)
	at org.apache.velocity.app.VelocityEngine.mergeTemplate(VelocityEngine.java:419)
	at org.codehaus.modello.plugin.store.StoreModelloGenerator.writeTemplate(StoreModelloGenerator.java:109)
	... 29 more
</error>
    <system-out>[INFO] Setting property: classpath.resource.loader.class =&amp; &apos;org.codehaus.plexus.velocity.ContextClassLoaderResourceLoader&apos;.
[INFO] Setting property: velocimacro.messages.on =&amp; &apos;false&apos;.
[INFO] Setting property: resource.loader =&amp; &apos;classpath&apos;.
[INFO] Setting property: resource.manager.logwhenfound =&amp; &apos;false&apos;.
[INFO] ************************************************************** 
[INFO] Starting Jakarta Velocity v1.4
[INFO] RuntimeInstance initializing.
[INFO] Default Properties File: org/apache/velocity/runtime/defaults/velocity.properties
[INFO] Default ResourceManager initializing. (class org.apache.velocity.runtime.resource.ResourceManagerImpl)
[INFO] Resource Loader Instantiated: org.codehaus.plexus.velocity.ContextClassLoaderResourceLoader
[INFO] ClasspathResourceLoader : initialization starting.
[INFO] ClasspathResourceLoader : initialization complete.
[INFO] ResourceCache : initialized. (class org.apache.velocity.runtime.resource.ResourceCacheImpl)
[INFO] Default ResourceManager initialization complete.
[INFO] Loaded System Directive: org.apache.velocity.runtime.directive.Literal
[INFO] Loaded System Directive: org.apache.velocity.runtime.directive.Macro
[INFO] Loaded System Directive: org.apache.velocity.runtime.directive.Parse
[INFO] Loaded System Directive: org.apache.velocity.runtime.directive.Include
[INFO] Loaded System Directive: org.apache.velocity.runtime.directive.Foreach
[INFO] Created: 20 parsers.
[INFO] Velocimacro : initialization starting.
[INFO] Velocimacro : adding VMs from VM library template : VM_global_library.vm
[ERROR] ResourceManager : unable to find resource &apos;VM_global_library.vm&apos; in any resource loader.
[INFO] Velocimacro : error using  VM library template VM_global_library.vm : org.apache.velocity.exception.ResourceNotFoundException: Unable to find resource &apos;VM_global_library.vm&apos;
[INFO] Velocimacro :  VM library template macro registration complete.
[INFO] Velocimacro : allowInline = true : VMs can be defined inline in templates
[INFO] Velocimacro : allowInlineToOverride = false : VMs defined inline may NOT replace previous VM definitions
[INFO] Velocimacro : allowInlineLocal = false : VMs defined inline will be  global in scope if allowed.
[INFO] Velocimacro : initialization complete.
[INFO] Velocity successfully started.
[ERROR] ResourceManager : unable to find resource &apos;/org/codehaus/modello/plugin/store/templates/Store.vm&apos; in any resource loader.
</system-out>
  </testcase>
</testsuite>